0 info it worked if it ends with ok
1 verbose cli [ '/usr/local/Cellar/node/6.2.1/bin/node',
1 verbose cli   '/usr/local/bin/npm',
1 verbose cli   'run',
1 verbose cli   'cover' ]
2 info using npm@3.9.3
3 info using node@v6.2.1
4 verbose run-script [ 'precover', 'cover', 'postcover' ]
5 info lifecycle testing@1.0.0~precover: testing@1.0.0
6 silly lifecycle testing@1.0.0~precover: no script for precover, continuing
7 info lifecycle testing@1.0.0~cover: testing@1.0.0
8 verbose lifecycle testing@1.0.0~cover: unsafe-perm in lifecycle true
9 verbose lifecycle testing@1.0.0~cover: PATH: /usr/local/lib/node_modules/npm/bin/node-gyp-bin:/Users/admin/Desktop/General-Assembly/Week-7/Day-3/testing/node_modules/.bin:/usr/local/Cellar/node/6.2.1/bin:/Users/admin/.rvm/gems/ruby-2.3.0/bin:/Users/admin/.rvm/gems/ruby-2.3.0@global/bin:/Users/admin/.rvm/rubies/ruby-2.3.0/bin:/usr/bin:/bin:/usr/sbin:/sbin:/usr/local/bin:/Users/admin/.rvm/bin:/Applications/Postgres.app/Contents/Versions/latest/bin
10 verbose lifecycle testing@1.0.0~cover: CWD: /Users/admin/Desktop/General-Assembly/Week-7/Day-3/testing
11 silly lifecycle testing@1.0.0~cover: Args: [ '-c', 'istanbul cover _mocha' ]
12 silly lifecycle testing@1.0.0~cover: Returned: code: 2  signal: null
13 info lifecycle testing@1.0.0~cover: Failed to exec cover script
14 verbose stack Error: testing@1.0.0 cover: `istanbul cover _mocha`
14 verbose stack Exit status 2
14 verbose stack     at EventEmitter.<anonymous> (/usr/local/lib/node_modules/npm/lib/utils/lifecycle.js:245:16)
14 verbose stack     at emitTwo (events.js:106:13)
14 verbose stack     at EventEmitter.emit (events.js:191:7)
14 verbose stack     at ChildProcess.<anonymous> (/usr/local/lib/node_modules/npm/lib/utils/spawn.js:24:14)
14 verbose stack     at emitTwo (events.js:106:13)
14 verbose stack     at ChildProcess.emit (events.js:191:7)
14 verbose stack     at maybeClose (internal/child_process.js:852:16)
14 verbose stack     at Process.ChildProcess._handle.onexit (internal/child_process.js:215:5)
15 verbose pkgid testing@1.0.0
16 verbose cwd /Users/admin/Desktop/General-Assembly/Week-7/Day-3/testing
17 error Darwin 15.5.0
18 error argv "/usr/local/Cellar/node/6.2.1/bin/node" "/usr/local/bin/npm" "run" "cover"
19 error node v6.2.1
20 error npm  v3.9.3
21 error code ELIFECYCLE
22 error testing@1.0.0 cover: `istanbul cover _mocha`
22 error Exit status 2
23 error Failed at the testing@1.0.0 cover script 'istanbul cover _mocha'.
23 error Make sure you have the latest version of node.js and npm installed.
23 error If you do, this is most likely a problem with the testing package,
23 error not with npm itself.
23 error Tell the author that this fails on your system:
23 error     istanbul cover _mocha
23 error You can get information on how to open an issue for this project with:
23 error     npm bugs testing
23 error Or if that isn't available, you can get their info via:
23 error     npm owner ls testing
23 error There is likely additional logging output above.
24 verbose exit [ 1, true ]
